2015-01-26 11:31:37.325 com.williamhill.scoreboards.service.context.ScoreboardsPlaceholderConfigurer [INFO] ================================================================
2015-01-26 11:31:37.327 com.williamhill.scoreboards.service.context.ScoreboardsPlaceholderConfigurer [INFO] Resolving application placeholders:
2015-01-26 11:31:37.327 com.williamhill.scoreboards.service.context.ScoreboardsPlaceholderConfigurer [INFO] ================================================================
2015-01-26 11:31:37.327 com.williamhill.scoreboards.service.context.ScoreboardsPlaceholderConfigurer [INFO] >>> fixtures.teamSplitRegExp = ^(.+)\s+(vs?|_|對|₋|対)\s+(.+)$
2015-01-26 11:31:37.433 com.williamhill.scoreboards.service.context.ResourceCheck [INFO] Loaded file: /logback.xml
2015-01-26 11:31:37.435 com.williamhill.scoreboards.service.context.ResourceCheck [INFO] <?xml version="1.0" encoding="UTF-8"?>
2015-01-26 11:31:37.435 com.williamhill.scoreboards.service.context.ResourceCheck [INFO] <configuration scan="true">
2015-01-26 11:31:37.435 com.williamhill.scoreboards.service.context.ResourceCheck [INFO]   <jmxConfigurator />
2015-01-26 11:31:37.435 com.williamhill.scoreboards.service.context.ResourceCheck [INFO] 
2015-01-26 11:31:37.435 com.williamhill.scoreboards.service.context.ResourceCheck [INFO]   <appender name="scoreboards-service-web" class="ch.qos.logback.core.rolling.RollingFileAppender">
2015-01-26 11:31:37.435 com.williamhill.scoreboards.service.context.ResourceCheck [INFO]     <!--See http://logback.qos.ch/manual/appenders.html#RollingFileAppender-->
2015-01-26 11:31:37.435 com.williamhill.scoreboards.service.context.ResourceCheck [INFO]     <!--and http://logback.qos.ch/manual/appenders.html#TimeBasedRollingPolicy-->
2015-01-26 11:31:37.435 com.williamhill.scoreboards.service.context.ResourceCheck [INFO]     <!--for further documentation-->
2015-01-26 11:31:37.435 com.williamhill.scoreboards.service.context.ResourceCheck [INFO]     <Append>true</Append>
2015-01-26 11:31:37.435 com.williamhill.scoreboards.service.context.ResourceCheck [INFO]     <File>${log.base.dir}/${scoreboards.log.dir}/scoreboards-web.log</File>
2015-01-26 11:31:37.435 com.williamhill.scoreboards.service.context.ResourceCheck [INFO]     <encoder>
2015-01-26 11:31:37.435 com.williamhill.scoreboards.service.context.ResourceCheck [INFO]       <charset>UTF-8</charset>
2015-01-26 11:31:37.436 com.williamhill.scoreboards.service.context.ResourceCheck [INFO]       <pattern>%d{yyyy-MM-dd HH:mm:ss.SSS} %c [%p] %m%n</pattern>
2015-01-26 11:31:37.436 com.williamhill.scoreboards.service.context.ResourceCheck [INFO]     </encoder>
2015-01-26 11:31:37.436 com.williamhill.scoreboards.service.context.ResourceCheck [INFO]     <rollingPolicy class="ch.qos.logback.core.rolling.TimeBasedRollingPolicy">
2015-01-26 11:31:37.436 com.williamhill.scoreboards.service.context.ResourceCheck [INFO]       <fileNamePattern>${log.base.dir}/${scoreboards.log.dir}/scoreboards-web.%d{yyyy-MM-dd-HH}.log</fileNamePattern>
2015-01-26 11:31:37.436 com.williamhill.scoreboards.service.context.ResourceCheck [INFO]       <!--  <maxHistory>30</maxHistory> -->
2015-01-26 11:31:37.436 com.williamhill.scoreboards.service.context.ResourceCheck [INFO]     </rollingPolicy>
2015-01-26 11:31:37.436 com.williamhill.scoreboards.service.context.ResourceCheck [INFO]   </appender>
2015-01-26 11:31:37.436 com.williamhill.scoreboards.service.context.ResourceCheck [INFO] 
2015-01-26 11:31:37.436 com.williamhill.scoreboards.service.context.ResourceCheck [INFO]   <logger name="com.williamhill.scoreboards" level="${log.level.com.williamhill.scoreboards}" />
2015-01-26 11:31:37.436 com.williamhill.scoreboards.service.context.ResourceCheck [INFO]   
2015-01-26 11:31:37.436 com.williamhill.scoreboards.service.context.ResourceCheck [INFO]   <logger name="org.apache.activemq.transport.InactivityMonitor" level="INFO" />
2015-01-26 11:31:37.436 com.williamhill.scoreboards.service.context.ResourceCheck [INFO] 
2015-01-26 11:31:37.436 com.williamhill.scoreboards.service.context.ResourceCheck [INFO]   <root level="${log.level.root}">
2015-01-26 11:31:37.436 com.williamhill.scoreboards.service.context.ResourceCheck [INFO]     <appender-ref ref="scoreboards-service-web"/>
2015-01-26 11:31:37.436 com.williamhill.scoreboards.service.context.ResourceCheck [INFO]   </root>
2015-01-26 11:31:37.436 com.williamhill.scoreboards.service.context.ResourceCheck [INFO] 
2015-01-26 11:31:37.436 com.williamhill.scoreboards.service.context.ResourceCheck [INFO] </configuration>
2015-01-26 11:31:37.623 com.williamhill.scoreboards.service.context.ScoreboardsPlaceholderConfigurer [INFO] >>> fixtures.teamSplitRegExp = ^(.+)\s+(vs?|_|對|₋|対)\s+(.+)$
2015-01-26 11:31:37.680 com.williamhill.scoreboards.service.context.ScoreboardsPlaceholderConfigurer [INFO] >>> translation.api.url = http://10.1.29.153:8094/translation-api/rest/translation
2015-01-26 11:31:37.680 com.williamhill.scoreboards.service.context.ScoreboardsPlaceholderConfigurer [INFO] >>> translation.applicationId = scoreboards
2015-01-26 11:31:37.680 com.williamhill.scoreboards.service.context.ScoreboardsPlaceholderConfigurer [INFO] >>> translation.api.enabled = false
2015-01-26 11:31:37.681 com.williamhill.scoreboards.service.translation.ServiceLayerTranslationService [INFO] ServiceLayerTranslationService created with params: 
2015-01-26 11:31:37.681 com.williamhill.scoreboards.service.translation.ServiceLayerTranslationService [INFO] 	 URL: http://10.1.29.153:8094/translation-api/rest/translation
2015-01-26 11:31:37.681 com.williamhill.scoreboards.service.translation.ServiceLayerTranslationService [INFO] 	 applicationId: scoreboards
2015-01-26 11:31:37.681 com.williamhill.scoreboards.service.translation.ServiceLayerTranslationService [INFO] 	 enabled: false
2015-01-26 11:31:37.695 net.sf.ehcache.config.ConfigurationFactory [DEBUG] Configuring ehcache from InputStream
2015-01-26 11:31:37.706 net.sf.ehcache.config.BeanHandler [DEBUG] Ignoring ehcache attribute xmlns:xsi
2015-01-26 11:31:37.706 net.sf.ehcache.config.BeanHandler [DEBUG] Ignoring ehcache attribute xsi:noNamespaceSchemaLocation
2015-01-26 11:31:37.720 net.sf.ehcache.util.PropertyUtil [DEBUG] propertiesString is null.
2015-01-26 11:31:37.729 net.sf.ehcache.config.ConfigurationHelper [DEBUG] No CacheManagerEventListenerFactory class specified. Skipping...
2015-01-26 11:31:37.739 net.sf.ehcache.Cache [DEBUG] No BootstrapCacheLoaderFactory class specified. Skipping...
2015-01-26 11:31:37.739 net.sf.ehcache.Cache [DEBUG] CacheWriter factory not configured. Skipping...
2015-01-26 11:31:37.740 net.sf.ehcache.config.ConfigurationHelper [DEBUG] No CacheExceptionHandlerFactory class specified. Skipping...
2015-01-26 11:31:37.745 net.sf.ehcache.Cache [DEBUG] No BootstrapCacheLoaderFactory class specified. Skipping...
2015-01-26 11:31:37.745 net.sf.ehcache.Cache [DEBUG] CacheWriter factory not configured. Skipping...
2015-01-26 11:31:37.745 net.sf.ehcache.config.ConfigurationHelper [DEBUG] No CacheExceptionHandlerFactory class specified. Skipping...
2015-01-26 11:31:37.745 net.sf.ehcache.Cache [DEBUG] No BootstrapCacheLoaderFactory class specified. Skipping...
2015-01-26 11:31:37.745 net.sf.ehcache.Cache [DEBUG] CacheWriter factory not configured. Skipping...
2015-01-26 11:31:37.745 net.sf.ehcache.config.ConfigurationHelper [DEBUG] No CacheExceptionHandlerFactory class specified. Skipping...
2015-01-26 11:31:37.745 net.sf.ehcache.Cache [DEBUG] No BootstrapCacheLoaderFactory class specified. Skipping...
2015-01-26 11:31:37.745 net.sf.ehcache.Cache [DEBUG] CacheWriter factory not configured. Skipping...
2015-01-26 11:31:37.745 net.sf.ehcache.config.ConfigurationHelper [DEBUG] No CacheExceptionHandlerFactory class specified. Skipping...
2015-01-26 11:31:37.745 net.sf.ehcache.Cache [DEBUG] No BootstrapCacheLoaderFactory class specified. Skipping...
2015-01-26 11:31:37.745 net.sf.ehcache.Cache [DEBUG] CacheWriter factory not configured. Skipping...
2015-01-26 11:31:37.745 net.sf.ehcache.config.ConfigurationHelper [DEBUG] No CacheExceptionHandlerFactory class specified. Skipping...
2015-01-26 11:31:37.745 net.sf.ehcache.Cache [DEBUG] No BootstrapCacheLoaderFactory class specified. Skipping...
2015-01-26 11:31:37.745 net.sf.ehcache.Cache [DEBUG] CacheWriter factory not configured. Skipping...
2015-01-26 11:31:37.745 net.sf.ehcache.config.ConfigurationHelper [DEBUG] No CacheExceptionHandlerFactory class specified. Skipping...
2015-01-26 11:31:37.745 net.sf.ehcache.Cache [DEBUG] No BootstrapCacheLoaderFactory class specified. Skipping...
2015-01-26 11:31:37.745 net.sf.ehcache.Cache [DEBUG] CacheWriter factory not configured. Skipping...
2015-01-26 11:31:37.746 net.sf.ehcache.config.ConfigurationHelper [DEBUG] No CacheExceptionHandlerFactory class specified. Skipping...
2015-01-26 11:31:37.758 net.sf.ehcache.store.MemoryStore [DEBUG] Initialized net.sf.ehcache.store.NotifyingMemoryStore for eventStates
2015-01-26 11:31:37.764 net.sf.ehcache.Cache [DEBUG] Initialised cache: eventStates
2015-01-26 11:31:37.765 net.sf.ehcache.config.ConfigurationHelper [DEBUG] CacheDecoratorFactory not configured. Skipping for 'eventStates'.
2015-01-26 11:31:37.765 net.sf.ehcache.config.ConfigurationHelper [DEBUG] CacheDecoratorFactory not configured for defaultCache. Skipping for 'eventStates'.
2015-01-26 11:31:37.765 net.sf.ehcache.store.MemoryStore [DEBUG] Initialized net.sf.ehcache.store.NotifyingMemoryStore for markets
2015-01-26 11:31:37.765 net.sf.ehcache.Cache [DEBUG] Initialised cache: markets
2015-01-26 11:31:37.765 net.sf.ehcache.config.ConfigurationHelper [DEBUG] CacheDecoratorFactory not configured. Skipping for 'markets'.
2015-01-26 11:31:37.765 net.sf.ehcache.config.ConfigurationHelper [DEBUG] CacheDecoratorFactory not configured for defaultCache. Skipping for 'markets'.
2015-01-26 11:31:37.766 net.sf.ehcache.store.MemoryStore [DEBUG] Initialized net.sf.ehcache.store.NotifyingMemoryStore for teamNames
2015-01-26 11:31:37.766 net.sf.ehcache.Cache [DEBUG] Initialised cache: teamNames
2015-01-26 11:31:37.766 net.sf.ehcache.config.ConfigurationHelper [DEBUG] CacheDecoratorFactory not configured. Skipping for 'teamNames'.
2015-01-26 11:31:37.766 net.sf.ehcache.config.ConfigurationHelper [DEBUG] CacheDecoratorFactory not configured for defaultCache. Skipping for 'teamNames'.
2015-01-26 11:31:37.767 net.sf.ehcache.store.MemoryStore [DEBUG] Initialized net.sf.ehcache.store.NotifyingMemoryStore for effectiveStacks
2015-01-26 11:31:37.767 net.sf.ehcache.Cache [DEBUG] Initialised cache: effectiveStacks
2015-01-26 11:31:37.767 net.sf.ehcache.config.ConfigurationHelper [DEBUG] CacheDecoratorFactory not configured. Skipping for 'effectiveStacks'.
2015-01-26 11:31:37.767 net.sf.ehcache.config.ConfigurationHelper [DEBUG] CacheDecoratorFactory not configured for defaultCache. Skipping for 'effectiveStacks'.
2015-01-26 11:31:37.767 net.sf.ehcache.store.MemoryStore [DEBUG] Initialized net.sf.ehcache.store.NotifyingMemoryStore for finalStates
2015-01-26 11:31:37.768 net.sf.ehcache.Cache [DEBUG] Initialised cache: finalStates
2015-01-26 11:31:37.768 net.sf.ehcache.config.ConfigurationHelper [DEBUG] CacheDecoratorFactory not configured. Skipping for 'finalStates'.
2015-01-26 11:31:37.768 net.sf.ehcache.config.ConfigurationHelper [DEBUG] CacheDecoratorFactory not configured for defaultCache. Skipping for 'finalStates'.
2015-01-26 11:31:37.768 net.sf.ehcache.store.MemoryStore [DEBUG] Initialized net.sf.ehcache.store.NotifyingMemoryStore for stacks
2015-01-26 11:31:37.768 net.sf.ehcache.Cache [DEBUG] Initialised cache: stacks
2015-01-26 11:31:37.768 net.sf.ehcache.config.ConfigurationHelper [DEBUG] CacheDecoratorFactory not configured. Skipping for 'stacks'.
2015-01-26 11:31:37.769 net.sf.ehcache.config.ConfigurationHelper [DEBUG] CacheDecoratorFactory not configured for defaultCache. Skipping for 'stacks'.
2015-01-26 11:31:37.797 com.williamhill.scoreboards.service.context.ScoreboardsPlaceholderConfigurer [INFO] >>> supportedLocales = 
2015-01-26 11:31:37.821 com.williamhill.scoreboards.service.context.ScoreboardsPlaceholderConfigurer [INFO] >>> time.correction = false
2015-01-26 11:31:37.821 com.williamhill.scoreboards.service.context.ScoreboardsPlaceholderConfigurer [INFO] >>> time.correction.threshold = 10
2015-01-26 11:31:37.822 com.williamhill.scoreboards.service.context.ScoreboardsPlaceholderConfigurer [INFO] >>> clearIncidentStackAfterGame = false
2015-01-26 11:31:37.857 com.williamhill.scoreboards.service.context.ScoreboardsPlaceholderConfigurer [INFO] >>> diffusion.server.clientConnections = 0
2015-01-26 11:31:37.858 com.williamhill.scoreboards.service.context.ScoreboardsPlaceholderConfigurer [INFO] >>> diffusion.server.timeout = 5
2015-01-26 11:31:37.863 com.williamhill.scoreboards.service.context.ScoreboardsPlaceholderConfigurer [INFO] >>> diffusion.server.host = localhost
2015-01-26 11:31:37.863 com.williamhill.scoreboards.service.context.ScoreboardsPlaceholderConfigurer [INFO] >>> diffusion.server.port = 8080
2015-01-26 11:31:37.863 com.williamhill.scoreboards.service.context.ScoreboardsPlaceholderConfigurer [INFO] >>> diffusion.server.message.timeout = 500
2015-01-26 11:31:37.876 com.williamhill.scoreboards.service.context.ScoreboardsPlaceholderConfigurer [INFO] >>> input.log.dir = ${root.log.dir}/input
2015-01-26 11:31:37.876 com.williamhill.scoreboards.service.context.ScoreboardsPlaceholderConfigurer [INFO] >>> root.log.dir = /data/dev/projects/tomcat_instances/sb-footy/logs
2015-01-26 11:31:37.876 com.williamhill.scoreboards.service.context.ScoreboardsPlaceholderConfigurer [INFO] >>> output.log.dir = ${root.log.dir}/output
2015-01-26 11:31:37.876 com.williamhill.scoreboards.service.context.ScoreboardsPlaceholderConfigurer [INFO] >>> root.log.dir = /data/dev/projects/tomcat_instances/sb-footy/logs
2015-01-26 11:31:37.877 com.williamhill.scoreboards.service.context.ScoreboardsPlaceholderConfigurer [INFO] >>> logging.service.input.logging.enabled = true
2015-01-26 11:31:37.877 com.williamhill.scoreboards.service.context.ScoreboardsPlaceholderConfigurer [INFO] >>> logging.service.output.logging.enabled = false
2015-01-26 11:31:37.877 com.williamhill.scoreboards.service.context.ScoreboardsPlaceholderConfigurer [INFO] >>> logging.service.fixture.logging.enabled = false
2015-01-26 11:31:37.882 com.williamhill.scoreboards.service.context.ScoreboardsPlaceholderConfigurer [INFO] >>> diffusion.server.message.timeout = 500
2015-01-26 11:31:37.887 com.williamhill.scoreboards.service.context.ScoreboardsPlaceholderConfigurer [INFO] >>> diffusion.server.host = localhost
2015-01-26 11:31:37.888 com.williamhill.scoreboards.service.context.ScoreboardsPlaceholderConfigurer [INFO] >>> diffusion.server.epPort = 3098
2015-01-26 11:31:37.888 com.williamhill.scoreboards.service.context.ScoreboardsPlaceholderConfigurer [INFO] >>> diffusion.server.noUpdate = false
2015-01-26 11:31:37.888 com.williamhill.scoreboards.service.context.ScoreboardsPlaceholderConfigurer [INFO] >>> diffusion.server.numberOfConnections = 3
2015-01-26 11:31:37.888 com.williamhill.scoreboards.service.context.ScoreboardsPlaceholderConfigurer [INFO] >>> diffusion.server.reconnectInterval = 10
2015-01-26 11:31:37.890 com.williamhill.scoreboards.service.diffusion.DefaultDiffusionConnector [INFO] Creating connection number 0 to server: localhost
2015-01-26 11:31:37.909 com.williamhill.scoreboards.service.diffusion.DefaultDiffusionConnector [INFO] Creating connection number 1 to server: localhost
2015-01-26 11:31:37.909 com.williamhill.scoreboards.service.diffusion.DefaultDiffusionConnector [INFO] Creating connection number 2 to server: localhost
2015-01-26 11:31:37.927 com.williamhill.scoreboards.service.diffusion.DefaultDiffusionConnector [ERROR] Event publisher connection to Diffusion server failed, message: Connection to TCP - localhost:3098 has failed
com.pushtechnology.diffusion.api.APIException: Connection to TCP - localhost:3098 has failed
	at com.pushtechnology.diffusion.comms.connection.OutboundConnectionHelper.connect(OutboundConnectionHelper.java:213) ~[diffusion-4.5.5_01.jar:na]
	at com.pushtechnology.diffusion.api.evpub.EventPublisherConnection.connect(EventPublisherConnection.java:158) ~[diffusion-4.5.5_01.jar:na]
	at com.williamhill.scoreboards.service.diffusion.DefaultDiffusionConnector.connect(DefaultDiffusionConnector.java:71) ~[scoreboards-service-core-1.5.30-SNAPSHOT.jar:na]
	at com.williamhill.scoreboards.service.diffusion.DefaultDiffusionEventPublisher.init(DefaultDiffusionEventPublisher.java:63) [scoreboards-service-core-1.5.30-SNAPSHOT.jar:na]
	at sun.reflect.NativeMethodAccessorImpl.invoke0(Native Method) ~[na:1.7.0_75]
	at sun.reflect.NativeMethodAccessorImpl.invoke(NativeMethodAccessorImpl.java:57) ~[na:1.7.0_75]
	at sun.reflect.DelegatingMethodAccessorImpl.invoke(DelegatingMethodAccessorImpl.java:43) ~[na:1.7.0_75]
	at java.lang.reflect.Method.invoke(Method.java:606) ~[na:1.7.0_75]
	at org.springframework.beans.factory.annotation.InitDestroyAnnotationBeanPostProcessor$LifecycleElement.invoke(InitDestroyAnnotationBeanPostProcessor.java:340) [spring-beans-3.0.6.RELEASE.jar:3.0.6.RELEASE]
	at org.springframework.beans.factory.annotation.InitDestroyAnnotationBeanPostProcessor$LifecycleMetadata.invokeInitMethods(InitDestroyAnnotationBeanPostProcessor.java:293) [spring-beans-3.0.6.RELEASE.jar:3.0.6.RELEASE]
	at org.springframework.beans.factory.annotation.InitDestroyAnnotationBeanPostProcessor.postProcessBeforeInitialization(InitDestroyAnnotationBeanPostProcessor.java:130) [spring-beans-3.0.6.RELEASE.jar:3.0.6.RELEASE]
	at org.springframework.beans.factory.support.AbstractAutowireCapableBeanFactory.applyBeanPostProcessorsBeforeInitialization(AbstractAutowireCapableBeanFactory.java:394) [spring-beans-3.0.6.RELEASE.jar:3.0.6.RELEASE]
	at org.springframework.beans.factory.support.AbstractAutowireCapableBeanFactory.initializeBean(AbstractAutowireCapableBeanFactory.java:1413) [spring-beans-3.0.6.RELEASE.jar:3.0.6.RELEASE]
	at org.springframework.beans.factory.support.AbstractAutowireCapableBeanFactory.doCreateBean(AbstractAutowireCapableBeanFactory.java:519) [spring-beans-3.0.6.RELEASE.jar:3.0.6.RELEASE]
	at org.springframework.beans.factory.support.AbstractAutowireCapableBeanFactory.createBean(AbstractAutowireCapableBeanFactory.java:456) [spring-beans-3.0.6.RELEASE.jar:3.0.6.RELEASE]
	at org.springframework.beans.factory.support.AbstractBeanFactory$1.getObject(AbstractBeanFactory.java:293) [spring-beans-3.0.6.RELEASE.jar:3.0.6.RELEASE]
	at org.springframework.beans.factory.support.DefaultSingletonBeanRegistry.getSingleton(DefaultSingletonBeanRegistry.java:222) [spring-beans-3.0.6.RELEASE.jar:3.0.6.RELEASE]
	at org.springframework.beans.factory.support.AbstractBeanFactory.doGetBean(AbstractBeanFactory.java:290) [spring-beans-3.0.6.RELEASE.jar:3.0.6.RELEASE]
	at org.springframework.beans.factory.support.AbstractBeanFactory.getBean(AbstractBeanFactory.java:192) [spring-beans-3.0.6.RELEASE.jar:3.0.6.RELEASE]
	at org.springframework.beans.factory.support.DefaultListableBeanFactory.preInstantiateSingletons(DefaultListableBeanFactory.java:585) [spring-beans-3.0.6.RELEASE.jar:3.0.6.RELEASE]
	at org.springframework.context.support.AbstractApplicationContext.finishBeanFactoryInitialization(AbstractApplicationContext.java:895) [spring-context-3.0.6.RELEASE.jar:3.0.6.RELEASE]
	at org.springframework.context.support.AbstractApplicationContext.refresh(AbstractApplicationContext.java:425) [spring-context-3.0.6.RELEASE.jar:3.0.6.RELEASE]
	at org.springframework.web.context.ContextLoader.createWebApplicationContext(ContextLoader.java:282) [spring-web-3.0.6.RELEASE.jar:3.0.6.RELEASE]
	at org.springframework.web.context.ContextLoader.initWebApplicationContext(ContextLoader.java:204) [spring-web-3.0.6.RELEASE.jar:3.0.6.RELEASE]
	at org.springframework.web.context.ContextLoaderListener.contextInitialized(ContextLoaderListener.java:47) [spring-web-3.0.6.RELEASE.jar:3.0.6.RELEASE]
	at org.apache.catalina.core.StandardContext.listenerStart(StandardContext.java:4994) [catalina.jar:7.0.56]
	at org.apache.catalina.core.StandardContext.startInternal(StandardContext.java:5492) [catalina.jar:7.0.56]
	at org.apache.catalina.util.LifecycleBase.start(LifecycleBase.java:150) [catalina.jar:7.0.56]
	at org.apache.catalina.core.ContainerBase$StartChild.call(ContainerBase.java:1575) [catalina.jar:7.0.56]
	at org.apache.catalina.core.ContainerBase$StartChild.call(ContainerBase.java:1565) [catalina.jar:7.0.56]
	at java.util.concurrent.FutureTask.run(FutureTask.java:262) [na:1.7.0_75]
	at java.util.concurrent.ThreadPoolExecutor.runWorker(ThreadPoolExecutor.java:1145) [na:1.7.0_75]
	at java.util.concurrent.ThreadPoolExecutor$Worker.run(ThreadPoolExecutor.java:615) [na:1.7.0_75]
	at java.lang.Thread.run(Thread.java:745) [na:1.7.0_75]
Caused by: com.pushtechnology.diffusion.comms.connection.ConnectionException: Unable to open socket connection for TCP - localhost:3098
	at com.pushtechnology.diffusion.comms.connection.OutboundConnectionHelper.openSocketChannel(OutboundConnectionHelper.java:299) ~[diffusion-4.5.5_01.jar:na]
	at com.pushtechnology.diffusion.comms.connection.OutboundConnectionHelper.connect(OutboundConnectionHelper.java:139) ~[diffusion-4.5.5_01.jar:na]
	... 33 common frames omitted
Caused by: java.net.ConnectException: Connection refused
	at sun.nio.ch.SocketChannelImpl.checkConnect(Native Method) ~[na:1.7.0_75]
	at sun.nio.ch.SocketChannelImpl.finishConnect(SocketChannelImpl.java:739) ~[na:1.7.0_75]
	at sun.nio.ch.SocketAdaptor.connect(SocketAdaptor.java:117) ~[na:1.7.0_75]
	at com.pushtechnology.diffusion.comms.connection.OutboundConnectionHelper.openSocketChannel(OutboundConnectionHelper.java:291) ~[diffusion-4.5.5_01.jar:na]
	... 34 common frames omitted
2015-01-26 11:31:37.929 com.williamhill.scoreboards.service.diffusion.DefaultDiffusionConnector [ERROR] Event publisher connection to Diffusion server failed, message: Connection to TCP - localhost:3098 has failed
com.pushtechnology.diffusion.api.APIException: Connection to TCP - localhost:3098 has failed
	at com.pushtechnology.diffusion.comms.connection.OutboundConnectionHelper.connect(OutboundConnectionHelper.java:213) ~[diffusion-4.5.5_01.jar:na]
	at com.pushtechnology.diffusion.api.evpub.EventPublisherConnection.connect(EventPublisherConnection.java:158) ~[diffusion-4.5.5_01.jar:na]
	at com.williamhill.scoreboards.service.diffusion.DefaultDiffusionConnector.connect(DefaultDiffusionConnector.java:71) ~[scoreboards-service-core-1.5.30-SNAPSHOT.jar:na]
	at com.williamhill.scoreboards.service.diffusion.DefaultDiffusionEventPublisher.init(DefaultDiffusionEventPublisher.java:63) [scoreboards-service-core-1.5.30-SNAPSHOT.jar:na]
	at sun.reflect.NativeMethodAccessorImpl.invoke0(Native Method) ~[na:1.7.0_75]
	at sun.reflect.NativeMethodAccessorImpl.invoke(NativeMethodAccessorImpl.java:57) ~[na:1.7.0_75]
	at sun.reflect.DelegatingMethodAccessorImpl.invoke(DelegatingMethodAccessorImpl.java:43) ~[na:1.7.0_75]
	at java.lang.reflect.Method.invoke(Method.java:606) ~[na:1.7.0_75]
	at org.springframework.beans.factory.annotation.InitDestroyAnnotationBeanPostProcessor$LifecycleElement.invoke(InitDestroyAnnotationBeanPostProcessor.java:340) [spring-beans-3.0.6.RELEASE.jar:3.0.6.RELEASE]
	at org.springframework.beans.factory.annotation.InitDestroyAnnotationBeanPostProcessor$LifecycleMetadata.invokeInitMethods(InitDestroyAnnotationBeanPostProcessor.java:293) [spring-beans-3.0.6.RELEASE.jar:3.0.6.RELEASE]
	at org.springframework.beans.factory.annotation.InitDestroyAnnotationBeanPostProcessor.postProcessBeforeInitialization(InitDestroyAnnotationBeanPostProcessor.java:130) [spring-beans-3.0.6.RELEASE.jar:3.0.6.RELEASE]
	at org.springframework.beans.factory.support.AbstractAutowireCapableBeanFactory.applyBeanPostProcessorsBeforeInitialization(AbstractAutowireCapableBeanFactory.java:394) [spring-beans-3.0.6.RELEASE.jar:3.0.6.RELEASE]
	at org.springframework.beans.factory.support.AbstractAutowireCapableBeanFactory.initializeBean(AbstractAutowireCapableBeanFactory.java:1413) [spring-beans-3.0.6.RELEASE.jar:3.0.6.RELEASE]
	at org.springframework.beans.factory.support.AbstractAutowireCapableBeanFactory.doCreateBean(AbstractAutowireCapableBeanFactory.java:519) [spring-beans-3.0.6.RELEASE.jar:3.0.6.RELEASE]
	at org.springframework.beans.factory.support.AbstractAutowireCapableBeanFactory.createBean(AbstractAutowireCapableBeanFactory.java:456) [spring-beans-3.0.6.RELEASE.jar:3.0.6.RELEASE]
	at org.springframework.beans.factory.support.AbstractBeanFactory$1.getObject(AbstractBeanFactory.java:293) [spring-beans-3.0.6.RELEASE.jar:3.0.6.RELEASE]
	at org.springframework.beans.factory.support.DefaultSingletonBeanRegistry.getSingleton(DefaultSingletonBeanRegistry.java:222) [spring-beans-3.0.6.RELEASE.jar:3.0.6.RELEASE]
	at org.springframework.beans.factory.support.AbstractBeanFactory.doGetBean(AbstractBeanFactory.java:290) [spring-beans-3.0.6.RELEASE.jar:3.0.6.RELEASE]
	at org.springframework.beans.factory.support.AbstractBeanFactory.getBean(AbstractBeanFactory.java:192) [spring-beans-3.0.6.RELEASE.jar:3.0.6.RELEASE]
	at org.springframework.beans.factory.support.DefaultListableBeanFactory.preInstantiateSingletons(DefaultListableBeanFactory.java:585) [spring-beans-3.0.6.RELEASE.jar:3.0.6.RELEASE]
	at org.springframework.context.support.AbstractApplicationContext.finishBeanFactoryInitialization(AbstractApplicationContext.java:895) [spring-context-3.0.6.RELEASE.jar:3.0.6.RELEASE]
	at org.springframework.context.support.AbstractApplicationContext.refresh(AbstractApplicationContext.java:425) [spring-context-3.0.6.RELEASE.jar:3.0.6.RELEASE]
	at org.springframework.web.context.ContextLoader.createWebApplicationContext(ContextLoader.java:282) [spring-web-3.0.6.RELEASE.jar:3.0.6.RELEASE]
	at org.springframework.web.context.ContextLoader.initWebApplicationContext(ContextLoader.java:204) [spring-web-3.0.6.RELEASE.jar:3.0.6.RELEASE]
	at org.springframework.web.context.ContextLoaderListener.contextInitialized(ContextLoaderListener.java:47) [spring-web-3.0.6.RELEASE.jar:3.0.6.RELEASE]
	at org.apache.catalina.core.StandardContext.listenerStart(StandardContext.java:4994) [catalina.jar:7.0.56]
	at org.apache.catalina.core.StandardContext.startInternal(StandardContext.java:5492) [catalina.jar:7.0.56]
	at org.apache.catalina.util.LifecycleBase.start(LifecycleBase.java:150) [catalina.jar:7.0.56]
	at org.apache.catalina.core.ContainerBase$StartChild.call(ContainerBase.java:1575) [catalina.jar:7.0.56]
	at org.apache.catalina.core.ContainerBase$StartChild.call(ContainerBase.java:1565) [catalina.jar:7.0.56]
	at java.util.concurrent.FutureTask.run(FutureTask.java:262) [na:1.7.0_75]
	at java.util.concurrent.ThreadPoolExecutor.runWorker(ThreadPoolExecutor.java:1145) [na:1.7.0_75]
	at java.util.concurrent.ThreadPoolExecutor$Worker.run(ThreadPoolExecutor.java:615) [na:1.7.0_75]
	at java.lang.Thread.run(Thread.java:745) [na:1.7.0_75]
Caused by: com.pushtechnology.diffusion.comms.connection.ConnectionException: Unable to open socket connection for TCP - localhost:3098
	at com.pushtechnology.diffusion.comms.connection.OutboundConnectionHelper.openSocketChannel(OutboundConnectionHelper.java:299) ~[diffusion-4.5.5_01.jar:na]
	at com.pushtechnology.diffusion.comms.connection.OutboundConnectionHelper.connect(OutboundConnectionHelper.java:139) ~[diffusion-4.5.5_01.jar:na]
	... 33 common frames omitted
Caused by: java.net.ConnectException: Connection refused
	at sun.nio.ch.SocketChannelImpl.checkConnect(Native Method) ~[na:1.7.0_75]
	at sun.nio.ch.SocketChannelImpl.finishConnect(SocketChannelImpl.java:739) ~[na:1.7.0_75]
	at sun.nio.ch.SocketAdaptor.connect(SocketAdaptor.java:117) ~[na:1.7.0_75]
	at com.pushtechnology.diffusion.comms.connection.OutboundConnectionHelper.openSocketChannel(OutboundConnectionHelper.java:291) ~[diffusion-4.5.5_01.jar:na]
	... 34 common frames omitted
2015-01-26 11:31:37.930 com.williamhill.scoreboards.service.diffusion.DefaultDiffusionConnector [ERROR] Event publisher connection to Diffusion server failed, message: Connection to TCP - localhost:3098 has failed
com.pushtechnology.diffusion.api.APIException: Connection to TCP - localhost:3098 has failed
	at com.pushtechnology.diffusion.comms.connection.OutboundConnectionHelper.connect(OutboundConnectionHelper.java:213) ~[diffusion-4.5.5_01.jar:na]
	at com.pushtechnology.diffusion.api.evpub.EventPublisherConnection.connect(EventPublisherConnection.java:158) ~[diffusion-4.5.5_01.jar:na]
	at com.williamhill.scoreboards.service.diffusion.DefaultDiffusionConnector.connect(DefaultDiffusionConnector.java:71) ~[scoreboards-service-core-1.5.30-SNAPSHOT.jar:na]
	at com.williamhill.scoreboards.service.diffusion.DefaultDiffusionEventPublisher.init(DefaultDiffusionEventPublisher.java:63) [scoreboards-service-core-1.5.30-SNAPSHOT.jar:na]
	at sun.reflect.NativeMethodAccessorImpl.invoke0(Native Method) ~[na:1.7.0_75]
	at sun.reflect.NativeMethodAccessorImpl.invoke(NativeMethodAccessorImpl.java:57) ~[na:1.7.0_75]
	at sun.reflect.DelegatingMethodAccessorImpl.invoke(DelegatingMethodAccessorImpl.java:43) ~[na:1.7.0_75]
	at java.lang.reflect.Method.invoke(Method.java:606) ~[na:1.7.0_75]
	at org.springframework.beans.factory.annotation.InitDestroyAnnotationBeanPostProcessor$LifecycleElement.invoke(InitDestroyAnnotationBeanPostProcessor.java:340) [spring-beans-3.0.6.RELEASE.jar:3.0.6.RELEASE]
	at org.springframework.beans.factory.annotation.InitDestroyAnnotationBeanPostProcessor$LifecycleMetadata.invokeInitMethods(InitDestroyAnnotationBeanPostProcessor.java:293) [spring-beans-3.0.6.RELEASE.jar:3.0.6.RELEASE]
	at org.springframework.beans.factory.annotation.InitDestroyAnnotationBeanPostProcessor.postProcessBeforeInitialization(InitDestroyAnnotationBeanPostProcessor.java:130) [spring-beans-3.0.6.RELEASE.jar:3.0.6.RELEASE]
	at org.springframework.beans.factory.support.AbstractAutowireCapableBeanFactory.applyBeanPostProcessorsBeforeInitialization(AbstractAutowireCapableBeanFactory.java:394) [spring-beans-3.0.6.RELEASE.jar:3.0.6.RELEASE]
	at org.springframework.beans.factory.support.AbstractAutowireCapableBeanFactory.initializeBean(AbstractAutowireCapableBeanFactory.java:1413) [spring-beans-3.0.6.RELEASE.jar:3.0.6.RELEASE]
	at org.springframework.beans.factory.support.AbstractAutowireCapableBeanFactory.doCreateBean(AbstractAutowireCapableBeanFactory.java:519) [spring-beans-3.0.6.RELEASE.jar:3.0.6.RELEASE]
	at org.springframework.beans.factory.support.AbstractAutowireCapableBeanFactory.createBean(AbstractAutowireCapableBeanFactory.java:456) [spring-beans-3.0.6.RELEASE.jar:3.0.6.RELEASE]
	at org.springframework.beans.factory.support.AbstractBeanFactory$1.getObject(AbstractBeanFactory.java:293) [spring-beans-3.0.6.RELEASE.jar:3.0.6.RELEASE]
	at org.springframework.beans.factory.support.DefaultSingletonBeanRegistry.getSingleton(DefaultSingletonBeanRegistry.java:222) [spring-beans-3.0.6.RELEASE.jar:3.0.6.RELEASE]
	at org.springframework.beans.factory.support.AbstractBeanFactory.doGetBean(AbstractBeanFactory.java:290) [spring-beans-3.0.6.RELEASE.jar:3.0.6.RELEASE]
	at org.springframework.beans.factory.support.AbstractBeanFactory.getBean(AbstractBeanFactory.java:192) [spring-beans-3.0.6.RELEASE.jar:3.0.6.RELEASE]
	at org.springframework.beans.factory.support.DefaultListableBeanFactory.preInstantiateSingletons(DefaultListableBeanFactory.java:585) [spring-beans-3.0.6.RELEASE.jar:3.0.6.RELEASE]
	at org.springframework.context.support.AbstractApplicationContext.finishBeanFactoryInitialization(AbstractApplicationContext.java:895) [spring-context-3.0.6.RELEASE.jar:3.0.6.RELEASE]
	at org.springframework.context.support.AbstractApplicationContext.refresh(AbstractApplicationContext.java:425) [spring-context-3.0.6.RELEASE.jar:3.0.6.RELEASE]
	at org.springframework.web.context.ContextLoader.createWebApplicationContext(ContextLoader.java:282) [spring-web-3.0.6.RELEASE.jar:3.0.6.RELEASE]
	at org.springframework.web.context.ContextLoader.initWebApplicationContext(ContextLoader.java:204) [spring-web-3.0.6.RELEASE.jar:3.0.6.RELEASE]
	at org.springframework.web.context.ContextLoaderListener.contextInitialized(ContextLoaderListener.java:47) [spring-web-3.0.6.RELEASE.jar:3.0.6.RELEASE]
	at org.apache.catalina.core.StandardContext.listenerStart(StandardContext.java:4994) [catalina.jar:7.0.56]
	at org.apache.catalina.core.StandardContext.startInternal(StandardContext.java:5492) [catalina.jar:7.0.56]
	at org.apache.catalina.util.LifecycleBase.start(LifecycleBase.java:150) [catalina.jar:7.0.56]
	at org.apache.catalina.core.ContainerBase$StartChild.call(ContainerBase.java:1575) [catalina.jar:7.0.56]
	at org.apache.catalina.core.ContainerBase$StartChild.call(ContainerBase.java:1565) [catalina.jar:7.0.56]
	at java.util.concurrent.FutureTask.run(FutureTask.java:262) [na:1.7.0_75]
	at java.util.concurrent.ThreadPoolExecutor.runWorker(ThreadPoolExecutor.java:1145) [na:1.7.0_75]
	at java.util.concurrent.ThreadPoolExecutor$Worker.run(ThreadPoolExecutor.java:615) [na:1.7.0_75]
	at java.lang.Thread.run(Thread.java:745) [na:1.7.0_75]
Caused by: com.pushtechnology.diffusion.comms.connection.ConnectionException: Unable to open socket connection for TCP - localhost:3098
	at com.pushtechnology.diffusion.comms.connection.OutboundConnectionHelper.openSocketChannel(OutboundConnectionHelper.java:299) ~[diffusion-4.5.5_01.jar:na]
	at com.pushtechnology.diffusion.comms.connection.OutboundConnectionHelper.connect(OutboundConnectionHelper.java:139) ~[diffusion-4.5.5_01.jar:na]
	... 33 common frames omitted
Caused by: java.net.ConnectException: Connection refused
	at sun.nio.ch.SocketChannelImpl.checkConnect(Native Method) ~[na:1.7.0_75]
	at sun.nio.ch.SocketChannelImpl.finishConnect(SocketChannelImpl.java:739) ~[na:1.7.0_75]
	at sun.nio.ch.SocketAdaptor.connect(SocketAdaptor.java:117) ~[na:1.7.0_75]
	at com.pushtechnology.diffusion.comms.connection.OutboundConnectionHelper.openSocketChannel(OutboundConnectionHelper.java:291) ~[diffusion-4.5.5_01.jar:na]
	... 34 common frames omitted
2015-01-26 11:31:37.941 com.williamhill.scoreboards.service.components.CacheCleanUpService [INFO] Running clean-up task
2015-01-26 11:31:37.942 com.williamhill.scoreboards.service.components.DefaultEhCachedStatefulService [DEBUG] Clearing in-memory event data.
2015-01-26 11:31:37.949 com.williamhill.scoreboards.service.context.ScoreboardsPlaceholderConfigurer [INFO] >>> sport.api.classes.url = ${sport.api.url}/class
2015-01-26 11:31:37.950 com.williamhill.scoreboards.service.context.ScoreboardsPlaceholderConfigurer [INFO] >>> sport.api.url = http://10.1.29.153:8092/sport-api/rest
2015-01-26 11:31:37.950 com.williamhill.scoreboards.service.context.ScoreboardsPlaceholderConfigurer [INFO] >>> sport.api.class.with.events.url = ${sport.api.url}/class/{0}
2015-01-26 11:31:37.950 com.williamhill.scoreboards.service.context.ScoreboardsPlaceholderConfigurer [INFO] >>> sport.api.url = http://10.1.29.153:8092/sport-api/rest
2015-01-26 11:31:37.950 com.williamhill.scoreboards.service.context.ScoreboardsPlaceholderConfigurer [INFO] >>> sports.api.markets.enabled = false
2015-01-26 11:31:37.950 com.williamhill.scoreboards.service.context.ScoreboardsPlaceholderConfigurer [INFO] >>> sport.api.event.url = ${sport.api.url}/event/{0}
2015-01-26 11:31:37.950 com.williamhill.scoreboards.service.context.ScoreboardsPlaceholderConfigurer [INFO] >>> sport.api.url = http://10.1.29.153:8092/sport-api/rest
2015-01-26 11:31:37.950 com.williamhill.scoreboards.service.context.ScoreboardsPlaceholderConfigurer [INFO] >>> sport.api.application_id = mobenga
2015-01-26 11:31:37.950 com.williamhill.scoreboards.service.context.ScoreboardsPlaceholderConfigurer [INFO] >>> sport.api.displayed = ALL
2015-01-26 11:31:37.951 com.williamhill.scoreboards.service.context.ScoreboardsPlaceholderConfigurer [INFO] >>> fixtures.applyTimeRestrictions = true
2015-01-26 11:31:37.951 com.williamhill.scoreboards.service.context.ScoreboardsPlaceholderConfigurer [INFO] >>> sport.api.virtual.football.id = 32254
2015-01-26 11:31:37.952 com.williamhill.scoreboards.service.fixtures.DefaultFixtureFetchingService [INFO] -------- DefaultFixtureFetching settings ---------
2015-01-26 11:31:37.952 com.williamhill.scoreboards.service.fixtures.DefaultFixtureFetchingService [INFO] 	sport.api.classes.url=http://10.1.29.153:8092/sport-api/rest/class
2015-01-26 11:31:37.952 com.williamhill.scoreboards.service.fixtures.DefaultFixtureFetchingService [INFO] 	sport.api.class.with.events.url=http://10.1.29.153:8092/sport-api/rest/class/{0}
2015-01-26 11:31:37.952 com.williamhill.scoreboards.service.fixtures.DefaultFixtureFetchingService [INFO] 	sports.api.markets.enabled=false
2015-01-26 11:31:37.952 com.williamhill.scoreboards.service.fixtures.DefaultFixtureFetchingService [INFO] 	sport.api.event.url=http://10.1.29.153:8092/sport-api/rest/event/{0}
2015-01-26 11:31:37.952 com.williamhill.scoreboards.service.fixtures.DefaultFixtureFetchingService [INFO] 	sport.api.application_id=mobenga
2015-01-26 11:31:37.952 com.williamhill.scoreboards.service.fixtures.DefaultFixtureFetchingService [INFO] 	sport.api.displayed=ALL
2015-01-26 11:31:37.952 com.williamhill.scoreboards.service.fixtures.DefaultFixtureFetchingService [INFO] 	fixtures.applyTimeRestrictions=true
2015-01-26 11:31:37.952 com.williamhill.scoreboards.service.fixtures.DefaultFixtureFetchingService [INFO] 	sport.api.virtual.football.id=32254
2015-01-26 11:31:37.960 com.williamhill.scoreboards.service.context.ScoreboardsPlaceholderConfigurer [INFO] >>> sport.api.fetch.days = 1
2015-01-26 11:31:37.960 com.williamhill.scoreboards.service.context.ScoreboardsPlaceholderConfigurer [INFO] >>> sports.api.markets.enabled = false
2015-01-26 11:31:37.970 com.williamhill.scoreboards.service.context.ScoreboardsPlaceholderConfigurer [INFO] >>> jmx.address = 127.0.0.1
2015-01-26 11:31:37.970 com.williamhill.scoreboards.service.context.ScoreboardsPlaceholderConfigurer [INFO] >>> sport.api.fetch.interval.in.minutes = 20
2015-01-26 11:31:37.970 com.williamhill.scoreboards.service.context.ScoreboardsPlaceholderConfigurer [INFO] >>> sport.api.fetch.locale.offset.in.milliseconds = 40000
2015-01-26 11:31:37.970 com.williamhill.scoreboards.service.components.DefaultFixturesFetchingScheduler [INFO] Local IP address: [127.0.0.1]
2015-01-26 11:31:37.974 com.williamhill.scoreboards.service.components.DefaultFixturesFetchingScheduler [INFO] Scheduling fetching of fixtures for locale en-gb every 20 minutes, starting from: Mon Jan 26 11:50:00 CET 2015
2015-01-26 11:31:37.974 com.williamhill.scoreboards.service.components.DefaultFixturesFetchingScheduler [INFO] Scheduling fetching of fixtures for locale es-es every 20 minutes, starting from: Mon Jan 26 11:50:40 CET 2015
2015-01-26 11:31:37.975 com.williamhill.scoreboards.service.components.DefaultFixturesFetchingScheduler [INFO] Scheduling fetching of fixtures for locale it-it every 20 minutes, starting from: Mon Jan 26 11:51:20 CET 2015
2015-01-26 11:31:37.975 com.williamhill.scoreboards.service.components.DefaultFixturesFetchingScheduler [INFO] Scheduling fetching of fixtures for locale el-gr every 20 minutes, starting from: Mon Jan 26 11:52:00 CET 2015
2015-01-26 11:31:37.975 com.williamhill.scoreboards.service.components.DefaultFixturesFetchingScheduler [INFO] Scheduling fetching of fixtures for locale fr-fr every 20 minutes, starting from: Mon Jan 26 11:52:40 CET 2015
2015-01-26 11:31:37.975 com.williamhill.scoreboards.service.components.DefaultFixturesFetchingScheduler [INFO] Scheduling fetching of fixtures for locale de-de every 20 minutes, starting from: Mon Jan 26 11:53:20 CET 2015
2015-01-26 11:31:37.975 com.williamhill.scoreboards.service.components.DefaultFixturesFetchingScheduler [INFO] Scheduling fetching of fixtures for locale de-at every 20 minutes, starting from: Mon Jan 26 11:54:00 CET 2015
2015-01-26 11:31:37.975 com.williamhill.scoreboards.service.components.DefaultFixturesFetchingScheduler [INFO] Scheduling fetching of fixtures for locale zh-cn every 20 minutes, starting from: Mon Jan 26 11:54:40 CET 2015
2015-01-26 11:31:37.975 com.williamhill.scoreboards.service.components.DefaultFixturesFetchingScheduler [INFO] Scheduling fetching of fixtures for locale zh-hk every 20 minutes, starting from: Mon Jan 26 11:55:20 CET 2015
2015-01-26 11:31:37.975 com.williamhill.scoreboards.service.components.DefaultFixturesFetchingScheduler [INFO] Scheduling fetching of fixtures for locale ja-jp every 20 minutes, starting from: Mon Jan 26 11:56:00 CET 2015
2015-01-26 11:31:37.975 com.williamhill.scoreboards.service.components.DefaultFixturesFetchingScheduler [INFO] Scheduling fetching of fixtures for locale sv-se every 20 minutes, starting from: Mon Jan 26 11:56:40 CET 2015
2015-01-26 11:31:37.975 com.williamhill.scoreboards.service.components.DefaultFixturesFetchingScheduler [INFO] Scheduling fetching of fixtures for locale pl-pl every 20 minutes, starting from: Mon Jan 26 11:57:20 CET 2015
2015-01-26 11:31:37.975 com.williamhill.scoreboards.service.components.DefaultFixturesFetchingScheduler [INFO] Scheduling fetching of fixtures for locale ru-ru every 20 minutes, starting from: Mon Jan 26 11:58:00 CET 2015
2015-01-26 11:31:37.976 com.williamhill.scoreboards.service.components.DefaultFixturesFetchingScheduler [INFO] Scheduling fetching of fixtures for locale no-no every 20 minutes, starting from: Mon Jan 26 11:58:40 CET 2015
2015-01-26 11:31:37.976 com.williamhill.scoreboards.service.components.DefaultFixturesFetchingScheduler [INFO] Scheduling fetching of fixtures for locale pt-pt every 20 minutes, starting from: Mon Jan 26 11:59:20 CET 2015
2015-01-26 11:31:37.976 com.williamhill.scoreboards.service.components.DefaultFixturesFetchingScheduler [INFO] Scheduling fetching of fixtures for locale ro-ro every 20 minutes, starting from: Mon Jan 26 12:00:00 CET 2015
2015-01-26 11:31:37.976 com.williamhill.scoreboards.service.components.DefaultFixturesFetchingScheduler [INFO] Scheduling fetching of fixtures for locale sl-si every 20 minutes, starting from: Mon Jan 26 12:00:40 CET 2015
2015-01-26 11:31:37.976 com.williamhill.scoreboards.service.components.DefaultFixturesFetchingScheduler [INFO] Scheduling fetching of fixtures for locale sr-yu every 20 minutes, starting from: Mon Jan 26 12:01:20 CET 2015
2015-01-26 11:31:37.976 com.williamhill.scoreboards.service.components.DefaultFixturesFetchingScheduler [INFO] Scheduling fetching of fixtures for locale cs-cz every 20 minutes, starting from: Mon Jan 26 12:02:00 CET 2015
2015-01-26 11:31:37.976 com.williamhill.scoreboards.service.components.DefaultFixturesFetchingScheduler [INFO] Scheduling fetching of fixtures for locale fi-fi every 20 minutes, starting from: Mon Jan 26 12:02:40 CET 2015
2015-01-26 11:31:37.976 com.williamhill.scoreboards.service.components.DefaultFixturesFetchingScheduler [INFO] Scheduling fetching of fixtures for locale hu-hu every 20 minutes, starting from: Mon Jan 26 12:03:20 CET 2015
2015-01-26 11:31:37.976 com.williamhill.scoreboards.service.components.DefaultFixturesFetchingScheduler [INFO] Scheduling fetching of fixtures for locale tr-tr every 20 minutes, starting from: Mon Jan 26 12:04:00 CET 2015
2015-01-26 11:31:38.493 com.williamhill.scoreboards.jaxrs.provider.JAXBMarshallerProvider [INFO] Jersey Provider: Creating context.....
2015-01-26 11:31:38.590 com.williamhill.scoreboards.jaxrs.provider.JAXBMarshallerProvider [INFO] Jersey provider: Creating jaxb schema  ...
2015-01-26 11:31:39.026 net.sf.ehcache.util.UpdateChecker [INFO] This is the latest GA release.
2015-01-26 11:31:47.931 com.williamhill.scoreboards.service.diffusion.DefaultDiffusionConnector [DEBUG] Reconnecting diffusion connection TCP - localhost:3098 to host localhost
2015-01-26 11:31:47.932 com.williamhill.scoreboards.service.diffusion.DefaultDiffusionConnector [INFO] Failed to reconnect diffusion connection to host localhost
2015-01-26 11:31:47.932 com.williamhill.scoreboards.service.diffusion.DefaultDiffusionConnector [DEBUG] Reconnecting diffusion connection TCP - localhost:3098 to host localhost
2015-01-26 11:31:47.933 com.williamhill.scoreboards.service.diffusion.DefaultDiffusionConnector [INFO] Failed to reconnect diffusion connection to host localhost
2015-01-26 11:31:47.933 com.williamhill.scoreboards.service.diffusion.DefaultDiffusionConnector [DEBUG] Reconnecting diffusion connection TCP - localhost:3098 to host localhost
2015-01-26 11:31:47.934 com.williamhill.scoreboards.service.diffusion.DefaultDiffusionConnector [INFO] Failed to reconnect diffusion connection to host localhost
2015-01-26 11:31:57.935 com.williamhill.scoreboards.service.diffusion.DefaultDiffusionConnector [DEBUG] Reconnecting diffusion connection TCP - localhost:3098 to host localhost
2015-01-26 11:31:57.936 com.williamhill.scoreboards.service.diffusion.DefaultDiffusionConnector [INFO] Failed to reconnect diffusion connection to host localhost
2015-01-26 11:31:57.936 com.williamhill.scoreboards.service.diffusion.DefaultDiffusionConnector [DEBUG] Reconnecting diffusion connection TCP - localhost:3098 to host localhost
2015-01-26 11:31:57.937 com.williamhill.scoreboards.service.diffusion.DefaultDiffusionConnector [INFO] Failed to reconnect diffusion connection to host localhost
2015-01-26 11:31:57.937 com.williamhill.scoreboards.service.diffusion.DefaultDiffusionConnector [DEBUG] Reconnecting diffusion connection TCP - localhost:3098 to host localhost
2015-01-26 11:31:57.937 com.williamhill.scoreboards.service.diffusion.DefaultDiffusionConnector [INFO] Failed to reconnect diffusion connection to host localhost
2015-01-26 11:32:07.938 com.williamhill.scoreboards.service.diffusion.DefaultDiffusionConnector [DEBUG] Reconnecting diffusion connection TCP - localhost:3098 to host localhost
2015-01-26 11:32:07.939 com.williamhill.scoreboards.service.diffusion.DefaultDiffusionConnector [INFO] Failed to reconnect diffusion connection to host localhost
2015-01-26 11:32:07.939 com.williamhill.scoreboards.service.diffusion.DefaultDiffusionConnector [DEBUG] Reconnecting diffusion connection TCP - localhost:3098 to host localhost
2015-01-26 11:32:07.940 com.williamhill.scoreboards.service.diffusion.DefaultDiffusionConnector [INFO] Failed to reconnect diffusion connection to host localhost
2015-01-26 11:32:07.940 com.williamhill.scoreboards.service.diffusion.DefaultDiffusionConnector [DEBUG] Reconnecting diffusion connection TCP - localhost:3098 to host localhost
2015-01-26 11:32:07.940 com.williamhill.scoreboards.service.diffusion.DefaultDiffusionConnector [INFO] Failed to reconnect diffusion connection to host localhost
2015-01-26 11:32:17.941 com.williamhill.scoreboards.service.diffusion.DefaultDiffusionConnector [DEBUG] Reconnecting diffusion connection TCP - localhost:3098 to host localhost
2015-01-26 11:32:17.941 com.williamhill.scoreboards.service.diffusion.DefaultDiffusionConnector [INFO] Failed to reconnect diffusion connection to host localhost
2015-01-26 11:32:17.942 com.williamhill.scoreboards.service.diffusion.DefaultDiffusionConnector [DEBUG] Reconnecting diffusion connection TCP - localhost:3098 to host localhost
2015-01-26 11:32:17.942 com.williamhill.scoreboards.service.diffusion.DefaultDiffusionConnector [INFO] Failed to reconnect diffusion connection to host localhost
2015-01-26 11:32:17.942 com.williamhill.scoreboards.service.diffusion.DefaultDiffusionConnector [DEBUG] Reconnecting diffusion connection TCP - localhost:3098 to host localhost
2015-01-26 11:32:17.943 com.williamhill.scoreboards.service.diffusion.DefaultDiffusionConnector [INFO] Failed to reconnect diffusion connection to host localhost
2015-01-26 11:32:27.943 com.williamhill.scoreboards.service.diffusion.DefaultDiffusionConnector [DEBUG] Reconnecting diffusion connection TCP - localhost:3098 to host localhost
2015-01-26 11:32:27.944 com.williamhill.scoreboards.service.diffusion.DefaultDiffusionConnector [INFO] Failed to reconnect diffusion connection to host localhost
2015-01-26 11:32:27.944 com.williamhill.scoreboards.service.diffusion.DefaultDiffusionConnector [DEBUG] Reconnecting diffusion connection TCP - localhost:3098 to host localhost
2015-01-26 11:32:27.945 com.williamhill.scoreboards.service.diffusion.DefaultDiffusionConnector [INFO] Failed to reconnect diffusion connection to host localhost
2015-01-26 11:32:27.945 com.williamhill.scoreboards.service.diffusion.DefaultDiffusionConnector [DEBUG] Reconnecting diffusion connection TCP - localhost:3098 to host localhost
2015-01-26 11:32:27.945 com.williamhill.scoreboards.service.diffusion.DefaultDiffusionConnector [INFO] Failed to reconnect diffusion connection to host localhost
2015-01-26 11:32:37.946 com.williamhill.scoreboards.service.diffusion.DefaultDiffusionConnector [DEBUG] Reconnecting diffusion connection TCP - localhost:3098 to host localhost
2015-01-26 11:32:37.946 com.williamhill.scoreboards.service.diffusion.DefaultDiffusionConnector [INFO] Failed to reconnect diffusion connection to host localhost
2015-01-26 11:32:37.947 com.williamhill.scoreboards.service.diffusion.DefaultDiffusionConnector [DEBUG] Reconnecting diffusion connection TCP - localhost:3098 to host localhost
2015-01-26 11:32:37.947 com.williamhill.scoreboards.service.diffusion.DefaultDiffusionConnector [INFO] Failed to reconnect diffusion connection to host localhost
2015-01-26 11:32:37.947 com.williamhill.scoreboards.service.diffusion.DefaultDiffusionConnector [DEBUG] Reconnecting diffusion connection TCP - localhost:3098 to host localhost
2015-01-26 11:32:37.947 com.williamhill.scoreboards.service.diffusion.DefaultDiffusionConnector [INFO] Failed to reconnect diffusion connection to host localhost
2015-01-26 11:32:47.947 com.williamhill.scoreboards.service.diffusion.DefaultDiffusionConnector [DEBUG] Reconnecting diffusion connection TCP - localhost:3098 to host localhost
2015-01-26 11:32:47.948 com.williamhill.scoreboards.service.diffusion.DefaultDiffusionConnector [INFO] Failed to reconnect diffusion connection to host localhost
2015-01-26 11:32:47.948 com.williamhill.scoreboards.service.diffusion.DefaultDiffusionConnector [DEBUG] Reconnecting diffusion connection TCP - localhost:3098 to host localhost
2015-01-26 11:32:47.949 com.williamhill.scoreboards.service.diffusion.DefaultDiffusionConnector [INFO] Failed to reconnect diffusion connection to host localhost
2015-01-26 11:32:47.949 com.williamhill.scoreboards.service.diffusion.DefaultDiffusionConnector [DEBUG] Reconnecting diffusion connection TCP - localhost:3098 to host localhost
2015-01-26 11:32:47.950 com.williamhill.scoreboards.service.diffusion.DefaultDiffusionConnector [INFO] Failed to reconnect diffusion connection to host localhost
2015-01-26 11:32:57.950 com.williamhill.scoreboards.service.diffusion.DefaultDiffusionConnector [DEBUG] Reconnecting diffusion connection TCP - localhost:3098 to host localhost
2015-01-26 11:32:57.951 com.williamhill.scoreboards.service.diffusion.DefaultDiffusionConnector [INFO] Failed to reconnect diffusion connection to host localhost
2015-01-26 11:32:57.951 com.williamhill.scoreboards.service.diffusion.DefaultDiffusionConnector [DEBUG] Reconnecting diffusion connection TCP - localhost:3098 to host localhost
2015-01-26 11:32:57.952 com.williamhill.scoreboards.service.diffusion.DefaultDiffusionConnector [INFO] Failed to reconnect diffusion connection to host localhost
2015-01-26 11:32:57.952 com.williamhill.scoreboards.service.diffusion.DefaultDiffusionConnector [DEBUG] Reconnecting diffusion connection TCP - localhost:3098 to host localhost
2015-01-26 11:32:57.952 com.williamhill.scoreboards.service.diffusion.DefaultDiffusionConnector [INFO] Failed to reconnect diffusion connection to host localhost
2015-01-26 11:33:07.953 com.williamhill.scoreboards.service.diffusion.DefaultDiffusionConnector [DEBUG] Reconnecting diffusion connection TCP - localhost:3098 to host localhost
2015-01-26 11:33:07.954 com.williamhill.scoreboards.service.diffusion.DefaultDiffusionConnector [INFO] Failed to reconnect diffusion connection to host localhost
2015-01-26 11:33:07.954 com.williamhill.scoreboards.service.diffusion.DefaultDiffusionConnector [DEBUG] Reconnecting diffusion connection TCP - localhost:3098 to host localhost
2015-01-26 11:33:07.955 com.williamhill.scoreboards.service.diffusion.DefaultDiffusionConnector [INFO] Failed to reconnect diffusion connection to host localhost
2015-01-26 11:33:07.955 com.williamhill.scoreboards.service.diffusion.DefaultDiffusionConnector [DEBUG] Reconnecting diffusion connection TCP - localhost:3098 to host localhost
2015-01-26 11:33:07.955 com.williamhill.scoreboards.service.diffusion.DefaultDiffusionConnector [INFO] Failed to reconnect diffusion connection to host localhost
